<?xml version="1.0" encoding="UTF-8"?>
<!-- Generated by org.testng.reporters.JUnitReportReporter -->
<testsuite hostname="SagarYenkar" failures="0" tests="1" name="GitHubAPI.AuthorizationAPITesting" time="3.914" errors="0" timestamp="2024-09-21T00:40:19 IST" skipped="0">
  <testcase classname="GitHubAPI.AuthorizationAPITesting" name="testUpdateUserBioWithValidToken" time="3.914"/>
  <system-out/>
</testsuite> <!-- GitHubAPI.AuthorizationAPITesting -->
