<?xml version="1.0" encoding="UTF-8"?>
<!-- Generated by org.testng.reporters.JUnitReportReporter -->
<testsuite hostname="SagarYenkar" failures="0" tests="5" name="GitHubAPI.AuthorizationAPITesting" time="5.609" errors="0" timestamp="2024-09-21T00:41:43 IST" skipped="0">
  <testcase classname="GitHubAPI.AuthorizationAPITesting" name="testUpdateUserBioWithValidToken" time="0.482"/>
  <system-out/>
  <testcase classname="GitHubAPI.AuthorizationAPITesting" name="testGetUserWithValidToken" time="3.754"/>
  <system-out/>
  <testcase classname="GitHubAPI.AuthorizationAPITesting" name="testInvalidTokenProvided" time="0.429"/>
  <system-out/>
  <testcase classname="GitHubAPI.AuthorizationAPITesting" name="testNoTokenProvided" time="0.427"/>
  <system-out/>
  <testcase classname="GitHubAPI.AuthorizationAPITesting" name="testTokenWithoutNecessaryPermissions" time="0.517"/>
  <system-out/>
</testsuite> <!-- GitHubAPI.AuthorizationAPITesting -->
